12:08:27.818 INFO - Selenium build info: version: '3.4.0', revision: 'unknown'
12:08:27.818 INFO - Launching a standalone Selenium Server
2560-05-26 12:08:27.928:INFO::main: Logging initialized @916ms to org.seleniumhq.jetty9.util.log.StdErrLog
12:08:28.068 INFO - Driver class not found: com.opera.core.systems.OperaDriver
12:08:28.068 INFO - Driver provider com.opera.core.systems.OperaDriver registration is skipped:
Unable to create new instances on this machine.
12:08:28.068 INFO - Driver class not found: com.opera.core.systems.OperaDriver
12:08:28.068 INFO - Driver provider com.opera.core.systems.OperaDriver is not registered
12:08:28.068 INFO - Driver provider org.openqa.selenium.safari.SafariDriver registration is skipped:
 registration capabilities Capabilities [{browserName=safari, version=, platform=MAC}] does not match the current platform WIN10
2560-05-26 12:08:28.272:INFO:osjs.Server:main: jetty-9.4.3.v20170317
2560-05-26 12:08:28.303:INFO:osjsh.ContextHandler:main: Started o.s.j.s.ServletContextHandler@1fc5af1{/,null,AVAILABLE}
2560-05-26 12:08:28.528:INFO:osjs.AbstractConnector:main: Started ServerConnector@6451e{HTTP/1.1,[http/1.1]}{0.0.0.0:4444}
2560-05-26 12:08:28.528:INFO:osjs.Server:main: Started @1529ms
12:08:28.528 INFO - Selenium Server is up and running
12:08:29.488 INFO - SessionCleaner initialized with insideBrowserTimeout 0 and clientGoneTimeout 1800000 polling every 180000
12:08:29.550 INFO - Executing: [new session: Capabilities [{acceptSslCerts=true, name=Test, browserName=chrome, javascriptEnabled=true, platform=ANY}]])
12:08:29.581 INFO - Creating a new session for Capabilities [{acceptSslCerts=true, name=Test, browserName=chrome, javascriptEnabled=true, platform=ANY}]
Starting ChromeDriver 2.29.461591 (62ebf098771772160f391d75e589dc567915b233) on port 18676
Only local connections are allowed.
12:08:44.357 INFO - Detected dialect: OSS
12:08:44.468 INFO - Done: [new session: Capabilities [{acceptSslCerts=true, name=Test, browserName=chrome, javascriptEnabled=true, platform=ANY}]]
12:08:44.546 INFO - Executing: [get: http://localhost:8080])
12:08:45.641 INFO - Done: [get: http://localhost:8080]
12:08:45.649 INFO - Executing: [find elements: By.cssSelector: #app])
12:08:45.744 INFO - Done: [find elements: By.cssSelector: #app]
12:08:45.760 INFO - Executing: [is displayed: 0 [[ChromeDriver: chrome on XP (c4e76d76b8c2106f60e4d8f7561e8e62)] -> css selector: #app]])
12:08:45.807 INFO - Done: [is displayed: 0 [[ChromeDriver: chrome on XP (c4e76d76b8c2106f60e4d8f7561e8e62)] -> css selector: #app]]
12:08:45.838 INFO - Executing: [find elements: By.cssSelector: .hello])
12:08:45.885 INFO - Done: [find elements: By.cssSelector: .hello]
12:08:45.885 INFO - Executing: [delete session: 05f3122a-9410-4400-8489-5c9dd97b3389])
12:08:48.717 INFO - Done: [delete session: 05f3122a-9410-4400-8489-5c9dd97b3389]
